<?xml version="1.0" encoding="UTF-8"?>
<!-- Generated by org.testng.reporters.JUnitReportReporter -->
<testsuite hostname="Bhanu-PC1" name="com.afour.automation.scripts.Login_GetAPI_TC_1" tests="1" failures="0" timestamp="12 Sep 2016 11:57:02 GMT" time="4.427" errors="0">
  <testcase name="testUserLogin" time="4.427" classname="com.afour.automation.scripts.Login_GetAPI_TC_1"/>
</testsuite> <!-- com.afour.automation.scripts.Login_GetAPI_TC_1 -->
