<?xml version="1.0" encoding="UTF-8"?>
<!-- Generated by org.testng.reporters.JUnitReportReporter -->
<testsuite hostname="Bhanu-PC1" name="com.afour.automation.scripts.TestGetListOfHyperVisors_GetAPI_TC_3" tests="1" failures="0" timestamp="21 Sep 2016 10:33:04 GMT" time="1.922" errors="0">
  <testcase name="testGetListOfHyperVisor" time="1.922" classname="com.afour.automation.scripts.TestGetListOfHyperVisors_GetAPI_TC_3"/>
</testsuite> <!-- com.afour.automation.scripts.TestGetListOfHyperVisors_GetAPI_TC_3 -->
