<?xml version="1.0" encoding="UTF-8"?>
<!-- Generated by org.testng.reporters.JUnitReportReporter -->
<testsuite hostname="Bhanu-PC1" name="com.afour.automation.scripts.TestUploadInventory_PostAPI_TC4" tests="1" failures="0" timestamp="21 Sep 2016 10:33:04 GMT" time="35.774" errors="0">
  <testcase name="testUploadInventory" time="35.774" classname="com.afour.automation.scripts.TestUploadInventory_PostAPI_TC4"/>
</testsuite> <!-- com.afour.automation.scripts.TestUploadInventory_PostAPI_TC4 -->
