<?xml version="1.0" encoding="UTF-8"?>
<!-- Generated by org.testng.reporters.JUnitReportReporter -->
<testsuite hostname="Bhanu-PC1" name="com.afour.automation.scripts.TestPlan4cloud_PostAPI_TC7" tests="1" failures="0" timestamp="27 Sep 2016 09:04:03 GMT" time="19.071" errors="0">
  <testcase name="testPlan4cloud" time="19.071" classname="com.afour.automation.scripts.TestPlan4cloud_PostAPI_TC7"/>
</testsuite> <!-- com.afour.automation.scripts.TestPlan4cloud_PostAPI_TC7 -->
