<?xml version="1.0" encoding="UTF-8"?>
<!-- Generated by org.testng.reporters.JUnitReportReporter -->
<testsuite hostname="Bhanu-PC1" name="com.afour.automation.scripts.TestLogin_GetAPI_TC_1" tests="1" failures="0" timestamp="21 Sep 2016 10:33:04 GMT" time="0.983" errors="0">
  <testcase name="testUserLogin" time="0.983" classname="com.afour.automation.scripts.TestLogin_GetAPI_TC_1"/>
</testsuite> <!-- com.afour.automation.scripts.TestLogin_GetAPI_TC_1 -->
