<?xml version="1.0" encoding="UTF-8"?>
<!-- Generated by org.testng.reporters.JUnitReportReporter -->
<testsuite hostname="Bhanu-PC1" name="com.afour.automation.scripts.CreateNewUser_PostAPI_TC_2" tests="1" failures="0" timestamp="8 Sep 2016 10:11:29 GMT" time="2.525" errors="0">
  <testcase name="testCreateNewUserPost" time="2.525" classname="com.afour.automation.scripts.CreateNewUser_PostAPI_TC_2"/>
</testsuite> <!-- com.afour.automation.scripts.CreateNewUser_PostAPI_TC_2 -->
