<?xml version="1.0" encoding="UTF-8"?>
<!-- Generated by org.testng.reporters.JUnitReportReporter -->
<testsuite hostname="Bhanu-PC1" name="com.afour.automation.scripts.TestGetOnPremiseCostByHypervisorId_GetAPI_TC8" tests="1" failures="0" timestamp="30 Sep 2016 13:36:02 GMT" time="3.123" errors="0">
  <testcase name="testGetOnPremiseCostByHypervisorId" time="3.123" classname="com.afour.automation.scripts.TestGetOnPremiseCostByHypervisorId_GetAPI_TC8"/>
</testsuite> <!-- com.afour.automation.scripts.TestGetOnPremiseCostByHypervisorId_GetAPI_TC8 -->
