<?xml version="1.0" encoding="UTF-8"?>
<!-- Generated by org.testng.reporters.JUnitReportReporter -->
<testsuite hostname="Bhanu-PC1" name="com.afour.automation.scripts.TestGetListOfVmsUsingHypervisorID_GetAPI_TC6" tests="1" failures="0" timestamp="22 Sep 2016 09:39:17 GMT" time="33.743" errors="0">
  <testcase name="testGetListOfVmsUsingHypervisorID" time="33.743" classname="com.afour.automation.scripts.TestGetListOfVmsUsingHypervisorID_GetAPI_TC6"/>
</testsuite> <!-- com.afour.automation.scripts.TestGetListOfVmsUsingHypervisorID_GetAPI_TC6 -->
