<?xml version="1.0" encoding="UTF-8"?>
<!-- Generated by org.testng.reporters.JUnitReportReporter -->
<testsuite hostname="Bhanu-PC1" name="com.afour.automation.scripts.TestGetListOfHostsUsingHypervisorID_GetAPI_TC5" tests="1" failures="0" timestamp="21 Sep 2016 10:33:04 GMT" time="6.753" errors="0">
  <testcase name="testGetListOfHostsUsingHypervisorID" time="6.753" classname="com.afour.automation.scripts.TestGetListOfHostsUsingHypervisorID_GetAPI_TC5"/>
</testsuite> <!-- com.afour.automation.scripts.TestGetListOfHostsUsingHypervisorID_GetAPI_TC5 -->
